<?xml version="1.0" encoding="UTF-8"?>
<!-- Generated by org.testng.reporters.JUnitXMLReporter -->
<testsuite ignored="1" hostname="Amlan_laptop" failures="0" tests="2" name="Test" time="12.42" errors="0" timestamp="2025-09-24T23:50:02 IST">
  <testcase classname="testCases.TC001_AccountRegistrationTest" name="testAccountRegistration" time="2.786"/>
  <testcase classname="testCases.TC002_LoginTest" name="testLogin" time="3.367"/>
  <testcase classname="testCases.TC003_LoginDataDrivenTest" name="testLoginDDT" time="0.0">
    <ignored/>
  </testcase> <!-- testLoginDDT -->
</testsuite> <!-- Test -->
