<?xml version="1.0" encoding="UTF-8"?>
<testng-results ignored="1" total="3" passed="2" failed="0" skipped="0">
  <reporter-output>
  </reporter-output>
  <suite started-at="2025-09-24T23:49:48 IST" name="MasterSuite" finished-at="2025-09-24T23:50:01 IST" duration-ms="12420">
    <groups>
      <group name="Master">
        <method signature="TC001_AccountRegistrationTest.testAccountRegistration()[pri:0, instance:testCases.TC001_AccountRegistrationTest@515c6049]" name="testAccountRegistration" class="testCases.TC001_AccountRegistrationTest"/>
        <method signature="TC002_LoginTest.testLogin()[pri:0, instance:testCases.TC002_LoginTest@74235045]" name="testLogin" class="testCases.TC002_LoginTest"/>
      </group> <!-- Master -->
      <group name="Sanity">
        <method signature="TC002_LoginTest.testLogin()[pri:0, instance:testCases.TC002_LoginTest@74235045]" name="testLogin" class="testCases.TC002_LoginTest"/>
      </group> <!-- Sanity -->
      <group name="Regresssion">
        <method signature="TC001_AccountRegistrationTest.testAccountRegistration()[pri:0, instance:testCases.TC001_AccountRegistrationTest@515c6049]" name="testAccountRegistration" class="testCases.TC001_AccountRegistrationTest"/>
      </group> <!-- Regresssion -->
    </groups>
    <test started-at="2025-09-24T23:49:48 IST" name="Test" finished-at="2025-09-24T23:50:01 IST" duration-ms="12420">
      <class name="testCases.TC002_LoginTest">
        <test-method is-config="true" signature="setup(java.lang.String,java.lang.String)[pri:0, instance:testCases.TC002_LoginTest@74235045]" started-at="2025-09-24T23:49:55 IST" name="setup" finished-at="2025-09-24T23:49:56 IST" duration-ms="1391" status="PASS">
          <params>
            <param index="0">
              <value>
                <![CDATA[Windows]]>
              </value>
            </param>
            <param index="1">
              <value>
                <![CDATA[chrome]]>
              </value>
            </param>
          </params>
          <reporter-output>
          </reporter-output>
        </test-method> <!-- setup -->
        <test-method signature="testLogin()[pri:0, instance:testCases.TC002_LoginTest@74235045]" started-at="2025-09-24T23:49:56 IST" name="testLogin" finished-at="2025-09-24T23:49:59 IST" duration-ms="3367" status="PASS">
          <reporter-output>
          </reporter-output>
        </test-method> <!-- testLogin -->
        <test-method is-config="true" signature="tearDown()[pri:0, instance:testCases.TC002_LoginTest@74235045]" started-at="2025-09-24T23:49:59 IST" name="tearDown" finished-at="2025-09-24T23:50:01 IST" duration-ms="1167" status="PASS">
          <reporter-output>
          </reporter-output>
        </test-method> <!-- tearDown -->
      </class> <!-- testCases.TC002_LoginTest -->
      <class name="testCases.TC001_AccountRegistrationTest">
        <test-method is-config="true" signature="setup(java.lang.String,java.lang.String)[pri:0, instance:testCases.TC001_AccountRegistrationTest@515c6049]" started-at="2025-09-24T23:49:48 IST" name="setup" finished-at="2025-09-24T23:49:51 IST" duration-ms="2329" status="PASS">
          <params>
            <param index="0">
              <value>
                <![CDATA[Windows]]>
              </value>
            </param>
            <param index="1">
              <value>
                <![CDATA[chrome]]>
              </value>
            </param>
          </params>
          <reporter-output>
          </reporter-output>
        </test-method> <!-- setup -->
        <test-method signature="testAccountRegistration()[pri:0, instance:testCases.TC001_AccountRegistrationTest@515c6049]" started-at="2025-09-24T23:49:51 IST" name="testAccountRegistration" finished-at="2025-09-24T23:49:53 IST" duration-ms="2786" status="PASS">
          <reporter-output>
          </reporter-output>
        </test-method> <!-- testAccountRegistration -->
        <test-method is-config="true" signature="tearDown()[pri:0, instance:testCases.TC001_AccountRegistrationTest@515c6049]" started-at="2025-09-24T23:49:53 IST" name="tearDown" finished-at="2025-09-24T23:49:55 IST" duration-ms="1193" status="PASS">
          <reporter-output>
          </reporter-output>
        </test-method> <!-- tearDown -->
      </class> <!-- testCases.TC001_AccountRegistrationTest -->
    </test> <!-- Test -->
  </suite> <!-- MasterSuite -->
</testng-results>
