<?xml version="1.0" encoding="UTF-8"?>
<testng-results ignored="1" total="3" passed="2" failed="0" skipped="0">
  <reporter-output>
  </reporter-output>
  <suite started-at="2025-09-24T23:26:07 IST" name="MasterSuite" finished-at="2025-09-24T23:26:36 IST" duration-ms="28980">
    <groups>
      <group name="Master">
        <method signature="TC001_AccountRegistrationTest.testAccountRegistration()[pri:0, instance:testCases.TC001_AccountRegistrationTest@158a8276]" name="testAccountRegistration" class="testCases.TC001_AccountRegistrationTest"/>
        <method signature="TC002_LoginTest.testLogin()[pri:0, instance:testCases.TC002_LoginTest@4e50c791]" name="testLogin" class="testCases.TC002_LoginTest"/>
      </group> <!-- Master -->
      <group name="Sanity">
        <method signature="TC002_LoginTest.testLogin()[pri:0, instance:testCases.TC002_LoginTest@4e50c791]" name="testLogin" class="testCases.TC002_LoginTest"/>
      </group> <!-- Sanity -->
      <group name="Regresssion">
        <method signature="TC001_AccountRegistrationTest.testAccountRegistration()[pri:0, instance:testCases.TC001_AccountRegistrationTest@158a8276]" name="testAccountRegistration" class="testCases.TC001_AccountRegistrationTest"/>
      </group> <!-- Regresssion -->
    </groups>
    <test started-at="2025-09-24T23:26:07 IST" name="Test" finished-at="2025-09-24T23:26:36 IST" duration-ms="28980">
      <class name="testCases.TC002_LoginTest">
        <test-method is-config="true" signature="setup(java.lang.String,java.lang.String)[pri:0, instance:testCases.TC002_LoginTest@4e50c791]" started-at="2025-09-24T23:26:30 IST" name="setup" finished-at="2025-09-24T23:26:32 IST" duration-ms="1496" status="PASS">
          <params>
            <param index="0">
              <value>
                <![CDATA[Windows]]>
              </value>
            </param>
            <param index="1">
              <value>
                <![CDATA[chrome]]>
              </value>
            </param>
          </params>
          <reporter-output>
          </reporter-output>
        </test-method> <!-- setup -->
        <test-method signature="testLogin()[pri:0, instance:testCases.TC002_LoginTest@4e50c791]" started-at="2025-09-24T23:26:32 IST" name="testLogin" finished-at="2025-09-24T23:26:35 IST" duration-ms="3412" status="PASS">
          <reporter-output>
          </reporter-output>
        </test-method> <!-- testLogin -->
        <test-method is-config="true" signature="tearDown()[pri:0, instance:testCases.TC002_LoginTest@4e50c791]" started-at="2025-09-24T23:26:35 IST" name="tearDown" finished-at="2025-09-24T23:26:36 IST" duration-ms="1147" status="PASS">
          <reporter-output>
          </reporter-output>
        </test-method> <!-- tearDown -->
      </class> <!-- testCases.TC002_LoginTest -->
      <class name="testCases.TC001_AccountRegistrationTest">
        <test-method is-config="true" signature="setup(java.lang.String,java.lang.String)[pri:0, instance:testCases.TC001_AccountRegistrationTest@158a8276]" started-at="2025-09-24T23:26:07 IST" name="setup" finished-at="2025-09-24T23:26:26 IST" duration-ms="18754" status="PASS">
          <params>
            <param index="0">
              <value>
                <![CDATA[Windows]]>
              </value>
            </param>
            <param index="1">
              <value>
                <![CDATA[chrome]]>
              </value>
            </param>
          </params>
          <reporter-output>
          </reporter-output>
        </test-method> <!-- setup -->
        <test-method signature="testAccountRegistration()[pri:0, instance:testCases.TC001_AccountRegistrationTest@158a8276]" started-at="2025-09-24T23:26:26 IST" name="testAccountRegistration" finished-at="2025-09-24T23:26:29 IST" duration-ms="2792" status="PASS">
          <reporter-output>
          </reporter-output>
        </test-method> <!-- testAccountRegistration -->
        <test-method is-config="true" signature="tearDown()[pri:0, instance:testCases.TC001_AccountRegistrationTest@158a8276]" started-at="2025-09-24T23:26:29 IST" name="tearDown" finished-at="2025-09-24T23:26:30 IST" duration-ms="1165" status="PASS">
          <reporter-output>
          </reporter-output>
        </test-method> <!-- tearDown -->
      </class> <!-- testCases.TC001_AccountRegistrationTest -->
    </test> <!-- Test -->
  </suite> <!-- MasterSuite -->
</testng-results>
